This is pdfTeX, Version 3.141592653-2.6-1.40.26 (TeX Live 2024) (preloaded format=pdflatex 2024.7.27)  5 SEP 2024 20:36
entering extended mode
 restricted \write18 enabled.
 %&-line parsing enabled.
**modulo1.tex
(./modulo1.tex
LaTeX2e <2024-06-01> patch level 2
L3 programming layer <2024-05-27>
(/archivio/home/pirotti/.TinyTeX/texmf-dist/tex/latex/base/article.cls
Document Class: article 2024/02/08 v1.4n Standard LaTeX document class
(/archivio/home/pirotti/.TinyTeX/texmf-dist/tex/latex/base/size10.clo
File: size10.clo 2024/02/08 v1.4n Standard LaTeX file (size option)
)
\c@part=\count194
\c@section=\count195
\c@subsection=\count196
\c@subsubsection=\count197
\c@paragraph=\count198
\c@subparagraph=\count199
\c@figure=\count266
\c@table=\count267
\abovecaptionskip=\skip49
\belowcaptionskip=\skip50
\bibindent=\dimen141
) (/archivio/home/pirotti/.TinyTeX/texmf-dist/tex/latex/amsmath/amsmath.sty
Package: amsmath 2024/05/23 v2.17q AMS math features
\@mathmargin=\skip51
For additional information on amsmath, use the `?' option.
(/archivio/home/pirotti/.TinyTeX/texmf-dist/tex/latex/amsmath/amstext.sty
Package: amstext 2021/08/26 v2.01 AMS text
(/archivio/home/pirotti/.TinyTeX/texmf-dist/tex/latex/amsmath/amsgen.sty
File: amsgen.sty 1999/11/30 v2.0 generic functions
\@emptytoks=\toks17
\ex@=\dimen142
)) (/archivio/home/pirotti/.TinyTeX/texmf-dist/tex/latex/amsmath/amsbsy.sty
Package: amsbsy 1999/11/29 v1.2d Bold Symbols
\pmbraise@=\dimen143
) (/archivio/home/pirotti/.TinyTeX/texmf-dist/tex/latex/amsmath/amsopn.sty
Package: amsopn 2022/04/08 v2.04 operator names
)
\inf@bad=\count268
LaTeX Info: Redefining \frac on input line 233.
\uproot@=\count269
\leftroot@=\count270
LaTeX Info: Redefining \overline on input line 398.
LaTeX Info: Redefining \colon on input line 409.
\classnum@=\count271
\DOTSCASE@=\count272
LaTeX Info: Redefining \ldots on input line 495.
LaTeX Info: Redefining \dots on input line 498.
LaTeX Info: Redefining \cdots on input line 619.
\Mathstrutbox@=\box52
\strutbox@=\box53
LaTeX Info: Redefining \big on input line 721.
LaTeX Info: Redefining \Big on input line 722.
LaTeX Info: Redefining \bigg on input line 723.
LaTeX Info: Redefining \Bigg on input line 724.
\big@size=\dimen144
LaTeX Font Info:    Redeclaring font encoding OML on input line 742.
LaTeX Font Info:    Redeclaring font encoding OMS on input line 743.
\macc@depth=\count273
LaTeX Info: Redefining \bmod on input line 904.
LaTeX Info: Redefining \pmod on input line 909.
LaTeX Info: Redefining \smash on input line 939.
LaTeX Info: Redefining \relbar on input line 969.
LaTeX Info: Redefining \Relbar on input line 970.
\c@MaxMatrixCols=\count274
\dotsspace@=\muskip17
\c@parentequation=\count275
\dspbrk@lvl=\count276
\tag@help=\toks18
\row@=\count277
\column@=\count278
\maxfields@=\count279
\andhelp@=\toks19
\eqnshift@=\dimen145
\alignsep@=\dimen146
\tagshift@=\dimen147
\tagwidth@=\dimen148
\totwidth@=\dimen149
\lineht@=\dimen150
\@envbody=\toks20
\multlinegap=\skip52
\multlinetaggap=\skip53
\mathdisplay@stack=\toks21
LaTeX Info: Redefining \[ on input line 2953.
LaTeX Info: Redefining \] on input line 2954.
) (/archivio/home/pirotti/.TinyTeX/texmf-dist/tex/latex/amsfonts/amssymb.sty
Package: amssymb 2013/01/14 v3.01 AMS font symbols
(/archivio/home/pirotti/.TinyTeX/texmf-dist/tex/latex/amsfonts/amsfonts.sty
Package: amsfonts 2013/01/14 v3.01 Basic AMSFonts support
\symAMSa=\mathgroup4
\symAMSb=\mathgroup5
LaTeX Font Info:    Redeclaring math symbol \hbar on input line 98.
LaTeX Font Info:    Overwriting math alphabet `\mathfrak' in version `bold'
(Font)                  U/euf/m/n --> U/euf/b/n on input line 106.
)) (/archivio/home/pirotti/.TinyTeX/texmf-dist/tex/generic/iftex/iftex.sty
Package: iftex 2022/02/03 v1.0f TeX engine tests
) (/archivio/home/pirotti/.TinyTeX/texmf-dist/tex/latex/base/fontenc.sty
Package: fontenc 2021/04/29 v2.0v Standard LaTeX package
) (/archivio/home/pirotti/.TinyTeX/texmf-dist/tex/latex/base/inputenc.sty
Package: inputenc 2024/02/08 v1.3d Input encoding file
\inpenc@prehook=\toks22
\inpenc@posthook=\toks23
) (/archivio/home/pirotti/.TinyTeX/texmf-dist/tex/latex/base/textcomp.sty
Package: textcomp 2024/04/24 v2.1b Standard LaTeX package
) (/archivio/home/pirotti/.TinyTeX/texmf-dist/tex/latex/lm/lmodern.sty
Package: lmodern 2015/05/01 v1.6.1 Latin Modern Fonts
LaTeX Font Info:    Overwriting symbol font `operators' in version `normal'
(Font)                  OT1/cmr/m/n --> OT1/lmr/m/n on input line 22.
LaTeX Font Info:    Overwriting symbol font `letters' in version `normal'
(Font)                  OML/cmm/m/it --> OML/lmm/m/it on input line 23.
LaTeX Font Info:    Overwriting symbol font `symbols' in version `normal'
(Font)                  OMS/cmsy/m/n --> OMS/lmsy/m/n on input line 24.
LaTeX Font Info:    Overwriting symbol font `largesymbols' in version `normal'
(Font)                  OMX/cmex/m/n --> OMX/lmex/m/n on input line 25.
LaTeX Font Info:    Overwriting symbol font `operators' in version `bold'
(Font)                  OT1/cmr/bx/n --> OT1/lmr/bx/n on input line 26.
LaTeX Font Info:    Overwriting symbol font `letters' in version `bold'
(Font)                  OML/cmm/b/it --> OML/lmm/b/it on input line 27.
LaTeX Font Info:    Overwriting symbol font `symbols' in version `bold'
(Font)                  OMS/cmsy/b/n --> OMS/lmsy/b/n on input line 28.
LaTeX Font Info:    Overwriting symbol font `largesymbols' in version `bold'
(Font)                  OMX/cmex/m/n --> OMX/lmex/m/n on input line 29.
LaTeX Font Info:    Overwriting math alphabet `\mathbf' in version `normal'
(Font)                  OT1/cmr/bx/n --> OT1/lmr/bx/n on input line 31.
LaTeX Font Info:    Overwriting math alphabet `\mathsf' in version `normal'
(Font)                  OT1/cmss/m/n --> OT1/lmss/m/n on input line 32.
LaTeX Font Info:    Overwriting math alphabet `\mathit' in version `normal'
(Font)                  OT1/cmr/m/it --> OT1/lmr/m/it on input line 33.
LaTeX Font Info:    Overwriting math alphabet `\mathtt' in version `normal'
(Font)                  OT1/cmtt/m/n --> OT1/lmtt/m/n on input line 34.
LaTeX Font Info:    Overwriting math alphabet `\mathbf' in version `bold'
(Font)                  OT1/cmr/bx/n --> OT1/lmr/bx/n on input line 35.
LaTeX Font Info:    Overwriting math alphabet `\mathsf' in version `bold'
(Font)                  OT1/cmss/bx/n --> OT1/lmss/bx/n on input line 36.
LaTeX Font Info:    Overwriting math alphabet `\mathit' in version `bold'
(Font)                  OT1/cmr/bx/it --> OT1/lmr/bx/it on input line 37.
LaTeX Font Info:    Overwriting math alphabet `\mathtt' in version `bold'
(Font)                  OT1/cmtt/m/n --> OT1/lmtt/m/n on input line 38.
) (/archivio/home/pirotti/.TinyTeX/texmf-dist/tex/latex/upquote/upquote.sty
Package: upquote 2012/04/19 v1.3 upright-quote and grave-accent glyphs in verbatim
) (/archivio/home/pirotti/.TinyTeX/texmf-dist/tex/latex/xcolor/xcolor.sty
Package: xcolor 2023/11/15 v3.01 LaTeX color extensions (UK)
(/archivio/home/pirotti/.TinyTeX/texmf-dist/tex/latex/graphics-cfg/color.cfg
File: color.cfg 2016/01/02 v1.6 sample color configuration
)
Package xcolor Info: Driver file: pdftex.def on input line 274.
(/archivio/home/pirotti/.TinyTeX/texmf-dist/tex/latex/graphics-def/pdftex.def
File: pdftex.def 2024/04/13 v1.2c Graphics/color driver for pdftex
) (/archivio/home/pirotti/.TinyTeX/texmf-dist/tex/latex/graphics/mathcolor.ltx)
Package xcolor Info: Model `cmy' substituted by `cmy0' on input line 1350.
Package xcolor Info: Model `hsb' substituted by `rgb' on input line 1354.
Package xcolor Info: Model `RGB' extended on input line 1366.
Package xcolor Info: Model `HTML' substituted by `rgb' on input line 1368.
Package xcolor Info: Model `Hsb' substituted by `hsb' on input line 1369.
Package xcolor Info: Model `tHsb' substituted by `hsb' on input line 1370.
Package xcolor Info: Model `HSB' substituted by `hsb' on input line 1371.
Package xcolor Info: Model `Gray' substituted by `gray' on input line 1372.
Package xcolor Info: Model `wave' substituted by `hsb' on input line 1373.
) (/archivio/home/pirotti/.TinyTeX/texmf-dist/tex/latex/geometry/geometry.sty
Package: geometry 2020/01/02 v5.9 Page Geometry
(/archivio/home/pirotti/.TinyTeX/texmf-dist/tex/latex/graphics/keyval.sty
Package: keyval 2022/05/29 v1.15 key=value parser (DPC)
\KV@toks@=\toks24
) (/archivio/home/pirotti/.TinyTeX/texmf-dist/tex/generic/iftex/ifvtex.sty
Package: ifvtex 2019/10/25 v1.7 ifvtex legacy package. Use iftex instead.
)
\Gm@cnth=\count280
\Gm@cntv=\count281
\c@Gm@tempcnt=\count282
\Gm@bindingoffset=\dimen151
\Gm@wd@mp=\dimen152
\Gm@odd@mp=\dimen153
\Gm@even@mp=\dimen154
\Gm@layoutwidth=\dimen155
\Gm@layoutheight=\dimen156
\Gm@layouthoffset=\dimen157
\Gm@layoutvoffset=\dimen158
\Gm@dimlist=\toks25
) (/archivio/home/pirotti/.TinyTeX/texmf-dist/tex/latex/fancyvrb/fancyvrb.sty
Package: fancyvrb 2024/01/20 4.5c verbatim text (tvz,hv)
\FV@CodeLineNo=\count283
\FV@InFile=\read2
\FV@TabBox=\box54
\c@FancyVerbLine=\count284
\FV@StepNumber=\count285
\FV@OutFile=\write3
) (/archivio/home/pirotti/.TinyTeX/texmf-dist/tex/latex/framed/framed.sty
Package: framed 2011/10/22 v 0.96: framed or shaded text with page breaks
\OuterFrameSep=\skip54
\fb@frw=\dimen159
\fb@frh=\dimen160
\FrameRule=\dimen161
\FrameSep=\dimen162
) (/archivio/home/pirotti/.TinyTeX/texmf-dist/tex/latex/graphics/graphicx.sty
Package: graphicx 2021/09/16 v1.2d Enhanced LaTeX Graphics (DPC,SPQR)
(/archivio/home/pirotti/.TinyTeX/texmf-dist/tex/latex/graphics/graphics.sty
Package: graphics 2024/05/23 v1.4g Standard LaTeX Graphics (DPC,SPQR)
(/archivio/home/pirotti/.TinyTeX/texmf-dist/tex/latex/graphics/trig.sty
Package: trig 2023/12/02 v1.11 sin cos tan (DPC)
) (/archivio/home/pirotti/.TinyTeX/texmf-dist/tex/latex/graphics-cfg/graphics.cfg
File: graphics.cfg 2016/06/04 v1.11 sample graphics configuration
)
Package graphics Info: Driver file: pdftex.def on input line 106.
)
\Gin@req@height=\dimen163
\Gin@req@width=\dimen164
) (/archivio/home/pirotti/.TinyTeX/texmf-dist/tex/generic/soul/soul.sty
Package: soul 2023-06-14 v3.1 Permit use of UTF-8 characters in soul (HO)
(/archivio/home/pirotti/.TinyTeX/texmf-dist/tex/generic/soul/soul-ori.sty
Package: soul-ori 2023-06-14 v3.1 letterspacing/underlining (mf)
\SOUL@word=\toks26
\SOUL@lasttoken=\toks27
\SOUL@syllable=\toks28
\SOUL@cmds=\toks29
\SOUL@buffer=\toks30
\SOUL@token=\toks31
\SOUL@syllgoal=\dimen165
\SOUL@syllwidth=\dimen166
\SOUL@charkern=\dimen167
\SOUL@hyphkern=\dimen168
\SOUL@dimen=\dimen169
\SOUL@dimeni=\dimen170
\SOUL@minus=\count286
\SOUL@comma=\count287
\SOUL@apo=\count288
\SOUL@grave=\count289
\SOUL@spaceskip=\skip55
\SOUL@ttwidth=\dimen171
\SOUL@uldp=\dimen172
\SOUL@ulht=\dimen173
) (/archivio/home/pirotti/.TinyTeX/texmf-dist/tex/generic/infwarerr/infwarerr.sty
Package: infwarerr 2019/12/03 v1.5 Providing info/warning/error messages (HO)
) (/archivio/home/pirotti/.TinyTeX/texmf-dist/tex/generic/etexcmds/etexcmds.sty
Package: etexcmds 2019/12/15 v1.7 Avoid name clashes with e-TeX commands (HO)
)) (/archivio/home/pirotti/.TinyTeX/texmf-dist/tex/latex/bookmark/bookmark.sty
Package: bookmark 2023-12-10 v1.31 PDF bookmarks (HO)
(/archivio/home/pirotti/.TinyTeX/texmf-dist/tex/latex/hyperref/hyperref.sty
Package: hyperref 2024-07-10 v7.01j Hypertext links for LaTeX
(/archivio/home/pirotti/.TinyTeX/texmf-dist/tex/latex/kvsetkeys/kvsetkeys.sty
Package: kvsetkeys 2022-10-05 v1.19 Key value parser (HO)
) (/archivio/home/pirotti/.TinyTeX/texmf-dist/tex/generic/kvdefinekeys/kvdefinekeys.sty
Package: kvdefinekeys 2019-12-19 v1.6 Define keys (HO)
) (/archivio/home/pirotti/.TinyTeX/texmf-dist/tex/generic/pdfescape/pdfescape.sty
Package: pdfescape 2019/12/09 v1.15 Implements pdfTeX's escape features (HO)
(/archivio/home/pirotti/.TinyTeX/texmf-dist/tex/generic/ltxcmds/ltxcmds.sty
Package: ltxcmds 2023-12-04 v1.26 LaTeX kernel commands for general use (HO)
) (/archivio/home/pirotti/.TinyTeX/texmf-dist/tex/generic/pdftexcmds/pdftexcmds.sty
Package: pdftexcmds 2020-06-27 v0.33 Utility functions of pdfTeX for LuaTeX (HO)
Package pdftexcmds Info: \pdf@primitive is available.
Package pdftexcmds Info: \pdf@ifprimitive is available.
Package pdftexcmds Info: \pdfdraftmode found.
)) (/archivio/home/pirotti/.TinyTeX/texmf-dist/tex/latex/hycolor/hycolor.sty
Package: hycolor 2020-01-27 v1.10 Color options for hyperref/bookmark (HO)
) (/archivio/home/pirotti/.TinyTeX/texmf-dist/tex/latex/hyperref/nameref.sty
Package: nameref 2023-11-26 v2.56 Cross-referencing by name of section
(/archivio/home/pirotti/.TinyTeX/texmf-dist/tex/latex/refcount/refcount.sty
Package: refcount 2019/12/15 v3.6 Data extraction from label references (HO)
) (/archivio/home/pirotti/.TinyTeX/texmf-dist/tex/generic/gettitlestring/gettitlestring.sty
Package: gettitlestring 2019/12/15 v1.6 Cleanup title references (HO)
(/archivio/home/pirotti/.TinyTeX/texmf-dist/tex/latex/kvoptions/kvoptions.sty
Package: kvoptions 2022-06-15 v3.15 Key value format for package options (HO)
))
\c@section@level=\count290
) (/archivio/home/pirotti/.TinyTeX/texmf-dist/tex/latex/etoolbox/etoolbox.sty
Package: etoolbox 2020/10/05 v2.5k e-TeX tools for LaTeX (JAW)
\etb@tempcnta=\count291
) (/archivio/home/pirotti/.TinyTeX/texmf-dist/tex/generic/stringenc/stringenc.sty
Package: stringenc 2019/11/29 v1.12 Convert strings between diff. encodings (HO)
)
\@linkdim=\dimen174
\Hy@linkcounter=\count292
\Hy@pagecounter=\count293
(/archivio/home/pirotti/.TinyTeX/texmf-dist/tex/latex/hyperref/pd1enc.def
File: pd1enc.def 2024-07-10 v7.01j Hyperref: PDFDocEncoding definition (HO)
Now handling font encoding PD1 ...
... no UTF-8 mapping file for font encoding PD1
) (/archivio/home/pirotti/.TinyTeX/texmf-dist/tex/generic/intcalc/intcalc.sty
Package: intcalc 2019/12/15 v1.3 Expandable calculations with integers (HO)
)
\Hy@SavedSpaceFactor=\count294
(/archivio/home/pirotti/.TinyTeX/texmf-dist/tex/latex/hyperref/puenc.def
File: puenc.def 2024-07-10 v7.01j Hyperref: PDF Unicode definition (HO)
Now handling font encoding PU ...
... no UTF-8 mapping file for font encoding PU
)
Package hyperref Info: Option `unicode' set `true' on input line 4040.
Package hyperref Info: Hyper figures OFF on input line 4157.
Package hyperref Info: Link nesting OFF on input line 4162.
Package hyperref Info: Hyper index ON on input line 4165.
Package hyperref Info: Plain pages OFF on input line 4172.
Package hyperref Info: Backreferencing OFF on input line 4177.
Package hyperref Info: Implicit mode ON; LaTeX internals redefined.
Package hyperref Info: Bookmarks ON on input line 4424.
\c@Hy@tempcnt=\count295
(/archivio/home/pirotti/.TinyTeX/texmf-dist/tex/latex/url/url.sty
\Urlmuskip=\muskip18
Package: url 2013/09/16  ver 3.4  Verb mode for urls, etc.
)
LaTeX Info: Redefining \url on input line 4763.
\XeTeXLinkMargin=\dimen175
(/archivio/home/pirotti/.TinyTeX/texmf-dist/tex/generic/bitset/bitset.sty
Package: bitset 2019/12/09 v1.3 Handle bit-vector datatype (HO)
(/archivio/home/pirotti/.TinyTeX/texmf-dist/tex/generic/bigintcalc/bigintcalc.sty
Package: bigintcalc 2019/12/15 v1.5 Expandable calculations on big integers (HO)
))
\Fld@menulength=\count296
\Field@Width=\dimen176
\Fld@charsize=\dimen177
Package hyperref Info: Hyper figures OFF on input line 6042.
Package hyperref Info: Link nesting OFF on input line 6047.
Package hyperref Info: Hyper index ON on input line 6050.
Package hyperref Info: backreferencing OFF on input line 6057.
Package hyperref Info: Link coloring OFF on input line 6062.
Package hyperref Info: Link coloring with OCG OFF on input line 6067.
Package hyperref Info: PDF/A mode OFF on input line 6072.
(/archivio/home/pirotti/.TinyTeX/texmf-dist/tex/latex/base/atbegshi-ltx.sty
Package: atbegshi-ltx 2021/01/10 v1.0c Emulation of the original atbegshi
package with kernel methods
)
\Hy@abspage=\count297
\c@Item=\count298
\c@Hfootnote=\count299
)
Package hyperref Info: Driver (autodetected): hpdftex.
(/archivio/home/pirotti/.TinyTeX/texmf-dist/tex/latex/hyperref/hpdftex.def
File: hpdftex.def 2024-07-10 v7.01j Hyperref driver for pdfTeX
(/archivio/home/pirotti/.TinyTeX/texmf-dist/tex/latex/base/atveryend-ltx.sty
Package: atveryend-ltx 2020/08/19 v1.0a Emulation of the original atveryend package
with kernel methods
)
\Fld@listcount=\count300
\c@bookmark@seq@number=\count301
(/archivio/home/pirotti/.TinyTeX/texmf-dist/tex/latex/rerunfilecheck/rerunfilecheck.sty
Package: rerunfilecheck 2022-07-10 v1.10 Rerun checks for auxiliary files (HO)
(/archivio/home/pirotti/.TinyTeX/texmf-dist/tex/generic/uniquecounter/uniquecounter.sty
Package: uniquecounter 2019/12/15 v1.4 Provide unlimited unique counter (HO)
)
Package uniquecounter Info: New unique counter `rerunfilecheck' on input line 285.
)
\Hy@SectionHShift=\skip56
) (/archivio/home/pirotti/.TinyTeX/texmf-dist/tex/latex/bookmark/bkm-pdftex.def
File: bkm-pdftex.def 2023-12-10 v1.31 bookmark driver for pdfTeX and luaTeX (HO)
\BKM@id=\count302
))
LaTeX Font Info:    Trying to load font information for T1+lmr on input line 120.
(/archivio/home/pirotti/.TinyTeX/texmf-dist/tex/latex/lm/t1lmr.fd
File: t1lmr.fd 2015/05/01 v1.6.1 Font defs for Latin Modern
) (/archivio/home/pirotti/.TinyTeX/texmf-dist/tex/latex/l3backend/l3backend-pdftex.def
File: l3backend-pdftex.def 2024-05-08 L3 backend support: PDF output (pdfTeX)
\l__color_backend_stack_int=\count303
\l__pdf_internal_box=\box55
) (./modulo1.aux)
\openout1 = `modulo1.aux'.

LaTeX Font Info:    Checking defaults for OML/cmm/m/it on input line 120.
LaTeX Font Info:    ... okay on input line 120.
LaTeX Font Info:    Checking defaults for OMS/cmsy/m/n on input line 120.
LaTeX Font Info:    ... okay on input line 120.
LaTeX Font Info:    Checking defaults for OT1/cmr/m/n on input line 120.
LaTeX Font Info:    ... okay on input line 120.
LaTeX Font Info:    Checking defaults for T1/cmr/m/n on input line 120.
LaTeX Font Info:    ... okay on input line 120.
LaTeX Font Info:    Checking defaults for TS1/cmr/m/n on input line 120.
LaTeX Font Info:    ... okay on input line 120.
LaTeX Font Info:    Checking defaults for OMX/cmex/m/n on input line 120.
LaTeX Font Info:    ... okay on input line 120.
LaTeX Font Info:    Checking defaults for U/cmr/m/n on input line 120.
LaTeX Font Info:    ... okay on input line 120.
LaTeX Font Info:    Checking defaults for PD1/pdf/m/n on input line 120.
LaTeX Font Info:    ... okay on input line 120.
LaTeX Font Info:    Checking defaults for PU/pdf/m/n on input line 120.
LaTeX Font Info:    ... okay on input line 120.
(/archivio/home/pirotti/.TinyTeX/texmf-dist/tex/latex/epstopdf-pkg/epstopdf-base.sty
Package: epstopdf-base 2020-01-24 v2.11 Base part for package epstopdf
Package epstopdf-base Info: Redefining graphics rule for `.eps' on input line 485.
(/archivio/home/pirotti/.TinyTeX/texmf-dist/tex/latex/latexconfig/epstopdf-sys.cfg
File: epstopdf-sys.cfg 2010/07/13 v1.3 Configuration of (r)epstopdf for TeX Live
))
*geometry* driver: auto-detecting
*geometry* detected driver: pdftex
*geometry* verbose mode - [ preamble ] result:
* driver: pdftex
* paper: a4paper
* layout: <same size as paper>
* layoutoffset:(h,v)=(0.0pt,0.0pt)
* modes: 
* h-part:(L,W,R)=(72.26999pt, 452.9679pt, 72.26999pt)
* v-part:(T,H,B)=(72.26999pt, 700.50687pt, 72.26999pt)
* \paperwidth=597.50787pt
* \paperheight=845.04684pt
* \textwidth=452.9679pt
* \textheight=700.50687pt
* \oddsidemargin=0.0pt
* \evensidemargin=0.0pt
* \topmargin=-37.0pt
* \headheight=12.0pt
* \headsep=25.0pt
* \topskip=10.0pt
* \footskip=30.0pt
* \marginparwidth=57.0pt
* \marginparsep=11.0pt
* \columnsep=10.0pt
* \skip\footins=9.0pt plus 4.0pt minus 2.0pt
* \hoffset=0.0pt
* \voffset=0.0pt
* \mag=1000
* \@twocolumnfalse
* \@twosidefalse
* \@mparswitchfalse
* \@reversemarginfalse
* (1in=72.27pt=25.4mm, 1cm=28.453pt)

Package hyperref Info: Link coloring OFF on input line 120.
LaTeX Font Info:    Trying to load font information for OT1+lmr on input line 122.
(/archivio/home/pirotti/.TinyTeX/texmf-dist/tex/latex/lm/ot1lmr.fd
File: ot1lmr.fd 2015/05/01 v1.6.1 Font defs for Latin Modern
)
LaTeX Font Info:    Trying to load font information for OML+lmm on input line 122.
(/archivio/home/pirotti/.TinyTeX/texmf-dist/tex/latex/lm/omllmm.fd
File: omllmm.fd 2015/05/01 v1.6.1 Font defs for Latin Modern
)
LaTeX Font Info:    Trying to load font information for OMS+lmsy on input line 122.
(/archivio/home/pirotti/.TinyTeX/texmf-dist/tex/latex/lm/omslmsy.fd
File: omslmsy.fd 2015/05/01 v1.6.1 Font defs for Latin Modern
)
LaTeX Font Info:    Trying to load font information for OMX+lmex on input line 122.
(/archivio/home/pirotti/.TinyTeX/texmf-dist/tex/latex/lm/omxlmex.fd
File: omxlmex.fd 2015/05/01 v1.6.1 Font defs for Latin Modern
)
LaTeX Font Info:    External font `lmex10' loaded for size
(Font)              <12> on input line 122.
LaTeX Font Info:    External font `lmex10' loaded for size
(Font)              <8> on input line 122.
LaTeX Font Info:    External font `lmex10' loaded for size
(Font)              <6> on input line 122.
LaTeX Font Info:    Trying to load font information for U+msa on input line 122.
(/archivio/home/pirotti/.TinyTeX/texmf-dist/tex/latex/amsfonts/umsa.fd
File: umsa.fd 2013/01/14 v3.01 AMS symbols A
)
LaTeX Font Info:    Trying to load font information for U+msb on input line 122.
(/archivio/home/pirotti/.TinyTeX/texmf-dist/tex/latex/amsfonts/umsb.fd
File: umsb.fd 2013/01/14 v3.01 AMS symbols B
) (./modulo1.toc
LaTeX Font Info:    External font `lmex10' loaded for size
(Font)              <10> on input line 2.
LaTeX Font Info:    External font `lmex10' loaded for size
(Font)              <7> on input line 2.
LaTeX Font Info:    External font `lmex10' loaded for size
(Font)              <5> on input line 2.


[1

{/archivio/home/pirotti/.TinyTeX/texmf-var/fonts/map/pdftex/updmap/pdftex.map}{/archivio/home/pirotti/.TinyTeX/texmf-dist/fonts/enc/dvips/lm/lm-ec.enc}])
\tf@toc=\write4
\openout4 = `modulo1.toc'.

LaTeX Font Info:    Trying to load font information for TS1+lmr on input line 134.
(/archivio/home/pirotti/.TinyTeX/texmf-dist/tex/latex/lm/ts1lmr.fd
File: ts1lmr.fd 2015/05/01 v1.6.1 Font defs for Latin Modern
)

[2]
<images/clipboard-431216307.png, id=152, 490.83376pt x 286.82156pt>
File: images/clipboard-431216307.png Graphic file (type png)
<use images/clipboard-431216307.png>
Package pdftex.def Info: images/clipboard-431216307.png  used on input line 202.
(pdftex.def)             Requested size: 452.98056pt x 264.70181pt.


[3{/archivio/home/pirotti/.TinyTeX/texmf-dist/fonts/enc/dvips/lm/lm-ts1.enc}]
<images/clipboard-3935879104.png, id=160, 961.34157pt x 558.58687pt>
File: images/clipboard-3935879104.png Graphic file (type png)
<use images/clipboard-3935879104.png>
Package pdftex.def Info: images/clipboard-3935879104.png  used on input line 228.
(pdftex.def)             Requested size: 433.62654pt x 251.9584pt.


[4 <./images/clipboard-431216307.png> <./images/clipboard-3935879104.png>]

LaTeX Warning: Hyper reference `' on page 5 undefined on input line 247.

LaTeX Font Info:    Trying to load font information for T1+lmtt on input line 251.
(/archivio/home/pirotti/.TinyTeX/texmf-dist/tex/latex/lm/t1lmtt.fd
File: t1lmtt.fd 2015/05/01 v1.6.1 Font defs for Latin Modern
)
LaTeX Font Info:    Font shape `T1/lmtt/bx/n' in size <10> not available
(Font)              Font shape `T1/lmtt/b/n' tried instead on input line 253.
<images/clipboard-2771987315.png, id=167, 429.85594pt x 164.11313pt>
File: images/clipboard-2771987315.png Graphic file (type png)
<use images/clipboard-2771987315.png>
Package pdftex.def Info: images/clipboard-2771987315.png  used on input line 269.
(pdftex.def)             Requested size: 361.35857pt x 137.96175pt.
<images/clipboard-348530046.png, id=168, 722.7pt x 464.4853pt>
File: images/clipboard-348530046.png Graphic file (type png)
<use images/clipboard-348530046.png>
Package pdftex.def Info: images/clipboard-348530046.png  used on input line 301.
(pdftex.def)             Requested size: 452.96558pt x 291.12476pt.


[5 <./images/clipboard-2771987315.png>]
File: images/clipboard-3935879104.png Graphic file (type png)
<use images/clipboard-3935879104.png>
Package pdftex.def Info: images/clipboard-3935879104.png  used on input line 338.
(pdftex.def)             Requested size: 452.97478pt x 263.20068pt.


[6 <./images/clipboard-348530046.png>]

[7]

[8]

[9]

[10]

[11]
LaTeX Font Info:    Trying to load font information for TS1+lmtt on input line 812.
(/archivio/home/pirotti/.TinyTeX/texmf-dist/tex/latex/lm/ts1lmtt.fd
File: ts1lmtt.fd 2015/05/01 v1.6.1 Font defs for Latin Modern
)

[12]

LaTeX Font Warning: Font shape `T1/lmtt/bx/it' in size <10> not available
(Font)              Font shape `T1/lmtt/b/sl' tried instead on input line 951.


LaTeX Font Warning: Font shape `TS1/lmtt/bx/it' in size <10> not available
(Font)              Font shape `TS1/lmtt/b/sl' tried instead on input line 951.



[13]

[14]
<images/clipboard-2827995654.png, id=229, 424.58624pt x 253.69781pt>
File: images/clipboard-2827995654.png Graphic file (type png)
<use images/clipboard-2827995654.png>
Package pdftex.def Info: images/clipboard-2827995654.png  used on input line 1088.
(pdftex.def)             Requested size: 424.59816pt x 253.70493pt.
<modulo1_files/figure-latex/unnamed-chunk-21-1.pdf, id=230, 433.62pt x 433.62pt>
File: modulo1_files/figure-latex/unnamed-chunk-21-1.pdf Graphic file (type pdf)
<use modulo1_files/figure-latex/unnamed-chunk-21-1.pdf>
Package pdftex.def Info: modulo1_files/figure-latex/unnamed-chunk-21-1.pdf  used on input line 1102.
(pdftex.def)             Requested size: 433.63878pt x 433.63878pt.


[15 <./images/clipboard-2827995654.png>]
<modulo1_files/figure-latex/unnamed-chunk-22-1.pdf, id=236, 433.62pt x 433.62pt>
File: modulo1_files/figure-latex/unnamed-chunk-22-1.pdf Graphic file (type pdf)
<use modulo1_files/figure-latex/unnamed-chunk-22-1.pdf>
Package pdftex.def Info: modulo1_files/figure-latex/unnamed-chunk-22-1.pdf  used on input line 1118.
(pdftex.def)             Requested size: 433.63878pt x 433.63878pt.


[16 <./modulo1_files/figure-latex/unnamed-chunk-21-1.pdf>]

[17 <./modulo1_files/figure-latex/unnamed-chunk-22-1.pdf>]

[18]
Overfull \hbox (45.78065pt too wide) in paragraph at lines 1298--1298
[]\T1/lmtt/m/n/10 ##  $ point          : chr "{\"type\": \"Point\", \"coordinates\": [12.03319083, 46.27804651]}"[] 
 []



[19]
<images/clipboard-420454527.png, id=270, 969.6225pt x 762.85pt>
File: images/clipboard-420454527.png Graphic file (type png)
<use images/clipboard-420454527.png>
Package pdftex.def Info: images/clipboard-420454527.png  used on input line 1375.
(pdftex.def)             Requested size: 452.97072pt x 356.37448pt.


[20]
<images/clipboard-2456461929.png, id=275, 1927.2pt x 1084.05pt>
File: images/clipboard-2456461929.png Graphic file (type png)
<use images/clipboard-2456461929.png>
Package pdftex.def Info: images/clipboard-2456461929.png  used on input line 1377.
(pdftex.def)             Requested size: 452.95088pt x 254.78487pt.


[21 <./images/clipboard-420454527.png (PNG copy)> <./images/clipboard-2456461929.png (PNG copy)>]

[22]
<modulo1_files/figure-latex/unnamed-chunk-34-1.pdf, id=286, 578.16pt x 289.08pt>
File: modulo1_files/figure-latex/unnamed-chunk-34-1.pdf Graphic file (type pdf)
<use modulo1_files/figure-latex/unnamed-chunk-34-1.pdf>
Package pdftex.def Info: modulo1_files/figure-latex/unnamed-chunk-34-1.pdf  used on input line 1544.
(pdftex.def)             Requested size: 452.96558pt x 226.48277pt.


[23]
<modulo1_files/figure-latex/unnamed-chunk-35-1.pdf, id=291, 433.62pt x 289.08pt>
File: modulo1_files/figure-latex/unnamed-chunk-35-1.pdf Graphic file (type pdf)
<use modulo1_files/figure-latex/unnamed-chunk-35-1.pdf>
Package pdftex.def Info: modulo1_files/figure-latex/unnamed-chunk-35-1.pdf  used on input line 1560.
(pdftex.def)             Requested size: 433.63878pt x 289.09251pt.


[24 <./modulo1_files/figure-latex/unnamed-chunk-34-1.pdf> <./modulo1_files/figure-latex/unnamed-chunk-35-1.pdf>]
<modulo1_files/figure-latex/unnamed-chunk-36-1.pdf, id=309, 433.62pt x 289.08pt>
File: modulo1_files/figure-latex/unnamed-chunk-36-1.pdf Graphic file (type pdf)
<use modulo1_files/figure-latex/unnamed-chunk-36-1.pdf>
Package pdftex.def Info: modulo1_files/figure-latex/unnamed-chunk-36-1.pdf  used on input line 1574.
(pdftex.def)             Requested size: 433.63878pt x 289.09251pt.
<modulo1_files/figure-latex/unnamed-chunk-36-2.pdf, id=310, 433.62pt x 289.08pt>
File: modulo1_files/figure-latex/unnamed-chunk-36-2.pdf Graphic file (type pdf)
<use modulo1_files/figure-latex/unnamed-chunk-36-2.pdf>
Package pdftex.def Info: modulo1_files/figure-latex/unnamed-chunk-36-2.pdf  used on input line 1582.
(pdftex.def)             Requested size: 433.63878pt x 289.09251pt.


[25 <./modulo1_files/figure-latex/unnamed-chunk-36-1.pdf> <./modulo1_files/figure-latex/unnamed-chunk-36-2.pdf>]
<modulo1_files/figure-latex/unnamed-chunk-37-1.pdf, id=326, 433.62pt x 1156.32pt>
File: modulo1_files/figure-latex/unnamed-chunk-37-1.pdf Graphic file (type pdf)
<use modulo1_files/figure-latex/unnamed-chunk-37-1.pdf>
Package pdftex.def Info: modulo1_files/figure-latex/unnamed-chunk-37-1.pdf  used on input line 1595.
(pdftex.def)             Requested size: 262.68828pt x 700.50208pt.


[26]

[27 <./modulo1_files/figure-latex/unnamed-chunk-37-1.pdf>]
<modulo1_files/figure-latex/unnamed-chunk-38-1.pdf, id=340, 433.62pt x 361.35pt>
File: modulo1_files/figure-latex/unnamed-chunk-38-1.pdf Graphic file (type pdf)
<use modulo1_files/figure-latex/unnamed-chunk-38-1.pdf>
Package pdftex.def Info: modulo1_files/figure-latex/unnamed-chunk-38-1.pdf  used on input line 1613.
(pdftex.def)             Requested size: 433.61894pt x 361.34912pt.
<modulo1_files/figure-latex/unnamed-chunk-38-2.pdf, id=341, 433.62pt x 361.35pt>
File: modulo1_files/figure-latex/unnamed-chunk-38-2.pdf Graphic file (type pdf)
<use modulo1_files/figure-latex/unnamed-chunk-38-2.pdf>
Package pdftex.def Info: modulo1_files/figure-latex/unnamed-chunk-38-2.pdf  used on input line 1622.
(pdftex.def)             Requested size: 433.61894pt x 361.34912pt.


[28 <./modulo1_files/figure-latex/unnamed-chunk-38-1.pdf>]

[29 <./modulo1_files/figure-latex/unnamed-chunk-38-2.pdf>]
<images/clipboard-1740990708.png, id=364, 710.655pt x 335.75438pt>
File: images/clipboard-1740990708.png Graphic file (type png)
<use images/clipboard-1740990708.png>
Package pdftex.def Info: images/clipboard-1740990708.png  used on input line 1691.
(pdftex.def)             Requested size: 452.98506pt x 214.01625pt.
<images/clipboard-2574397239.png, id=365, 566.115pt x 388.45125pt>
File: images/clipboard-2574397239.png Graphic file (type png)
<use images/clipboard-2574397239.png>
Package pdftex.def Info: images/clipboard-2574397239.png  used on input line 1700.
(pdftex.def)             Requested size: 452.97899pt x 310.82068pt.


[30 <./images/clipboard-1740990708.png>]
<images/clipboard-2368587503.png, id=371, 803.0pt x 642.4pt>
File: images/clipboard-2368587503.png Graphic file (type png)
<use images/clipboard-2368587503.png>
Package pdftex.def Info: images/clipboard-2368587503.png  used on input line 1718.
(pdftex.def)             Requested size: 224.3361pt x 179.46887pt.
<images/clipboard-3919052629.png, id=376, 665.48625pt x 365.11406pt>
File: images/clipboard-3919052629.png Graphic file (type png)
<use images/clipboard-3919052629.png>
Package pdftex.def Info: images/clipboard-3919052629.png  used on input line 1743.
(pdftex.def)             Requested size: 452.97145pt x 248.5194pt.


[31 <./images/clipboard-2574397239.png (PNG copy)>]

[32 <./images/clipboard-2368587503.png> <./images/clipboard-3919052629.png>]
<images/clipboard-658366646.png, id=390, 628.59843pt x 430.60875pt>
File: images/clipboard-658366646.png Graphic file (type png)
<use images/clipboard-658366646.png>
Package pdftex.def Info: images/clipboard-658366646.png  used on input line 1758.
(pdftex.def)             Requested size: 452.9646pt x 310.2943pt.


[33 <./images/clipboard-658366646.png>] (./modulo1.aux)
 ***********
LaTeX2e <2024-06-01> patch level 2
L3 programming layer <2024-05-27>
 ***********

LaTeX Warning: There were undefined references.

 ) 
Here is how much of TeX's memory you used:
 12301 strings out of 475544
 194031 string characters out of 5776599
 1944905 words of memory out of 5000000
 34636 multiletter control sequences out of 15000+600000
 615217 words of font info for 85 fonts, out of 8000000 for 9000
 14 hyphenation exceptions out of 8191
 89i,6n,93p,529b,511s stack positions out of 10000i,1000n,20000p,200000b,200000s
</archivio/home/pirotti/.TinyTeX/texmf-dist/fonts/type1/public/lm/lmbx10.pfb></archivio/home/pirotti/.TinyTeX/texmf-dist/fonts/type1/public/lm/lmbx12.pfb></archivio/home/pirotti/.TinyTeX/texmf-dist/fonts/type1/public/lm/lmbxi10.pfb></archivio/home/pirotti/.TinyTeX/texmf-dist/fonts/type1/public/lm/lmr10.pfb></archivio/home/pirotti/.TinyTeX/texmf-dist/fonts/type1/public/lm/lmr12.pfb></archivio/home/pirotti/.TinyTeX/texmf-dist/fonts/type1/public/lm/lmr17.pfb></archivio/home/pirotti/.TinyTeX/texmf-dist/fonts/type1/public/lm/lmri10.pfb></archivio/home/pirotti/.TinyTeX/texmf-dist/fonts/type1/public/lm/lmtk10.pfb></archivio/home/pirotti/.TinyTeX/texmf-dist/fonts/type1/public/lm/lmtko10.pfb></archivio/home/pirotti/.TinyTeX/texmf-dist/fonts/type1/public/lm/lmtt10.pfb></archivio/home/pirotti/.TinyTeX/texmf-dist/fonts/type1/public/lm/lmtti10.pfb>
Output written on modulo1.pdf (33 pages, 3048216 bytes).
PDF statistics:
 671 PDF objects out of 1000 (max. 8388607)
 564 compressed objects within 6 object streams
 103 named destinations out of 1000 (max. 500000)
 618 words of extra memory for PDF output out of 10000 (max. 10000000)

